#! /c/Source/iverilog-install/bin/vvp
:ivl_version "12.0 (devel)" "(s20150603-1110-g18392a46)";
:ivl_delay_selection "TYPICAL";
:vpi_time_precision + 0;
:vpi_module "C:\iverilog\lib\ivl\system.vpi";
:vpi_module "C:\iverilog\lib\ivl\vhdl_sys.vpi";
:vpi_module "C:\iverilog\lib\ivl\vhdl_textio.vpi";
:vpi_module "C:\iverilog\lib\ivl\v2005_math.vpi";
:vpi_module "C:\iverilog\lib\ivl\va_math.vpi";
:vpi_module "C:\iverilog\lib\ivl\v2009.vpi";
S_0000022edf8dbaf0 .scope package, "$unit" "$unit" 2 1;
 .timescale 0 0;
S_0000022edf925a90 .scope module, "tb_mux2" "tb_mux2" 3 2;
 .timescale 0 0;
v0000022edf8da000_0 .var "i0", 0 0;
v0000022edf925db0_0 .var "i1", 0 0;
v0000022edf925e50_0 .net "out", 0 0, L_0000022edf970080;  1 drivers
v0000022edf96ffe0_0 .var "sel", 0 0;
S_0000022edf925c20 .scope module, "dut" "mux2" 3 8, 4 2 0, S_0000022edf925a90;
 .timescale 0 0;
    .port_info 0 /INPUT 1 "i0";
    .port_info 1 /INPUT 1 "i1";
    .port_info 2 /INPUT 1 "sel";
    .port_info 3 /OUTPUT 1 "out";
v0000022edf8d7110_0 .net "i0", 0 0, v0000022edf8da000_0;  1 drivers
v0000022edf8dbc80_0 .net "i1", 0 0, v0000022edf925db0_0;  1 drivers
v0000022edf8d6c40_0 .net "out", 0 0, L_0000022edf970080;  alias, 1 drivers
v0000022edf8da290_0 .net "sel", 0 0, v0000022edf96ffe0_0;  1 drivers
L_0000022edf970080 .functor MUXZ 1, v0000022edf8da000_0, v0000022edf925db0_0, v0000022edf96ffe0_0, C4<>;
    .scope S_0000022edf925a90;
T_0 ;
    %pushi/vec4 0, 0, 1;
    %store/vec4 v0000022edf8da000_0, 0, 1;
    %pushi/vec4 1, 0, 1;
    %store/vec4 v0000022edf925db0_0, 0, 1;
    %pushi/vec4 0, 0, 1;
    %store/vec4 v0000022edf96ffe0_0, 0, 1;
    %delay 10, 0;
    %load/vec4 v0000022edf925e50_0;
    %pad/u 32;
    %cmpi/ne 0, 0, 32;
    %jmp/0xz  T_0.0, 6;
    %vpi_call/w 3 13 "$display", "TEST FAILED: Case 1" {0 0 0};
    %vpi_call/w 3 13 "$finish" {0 0 0};
T_0.0 ;
    %pushi/vec4 1, 0, 1;
    %store/vec4 v0000022edf8da000_0, 0, 1;
    %pushi/vec4 0, 0, 1;
    %store/vec4 v0000022edf925db0_0, 0, 1;
    %pushi/vec4 0, 0, 1;
    %store/vec4 v0000022edf96ffe0_0, 0, 1;
    %delay 10, 0;
    %load/vec4 v0000022edf925e50_0;
    %pad/u 32;
    %cmpi/ne 1, 0, 32;
    %jmp/0xz  T_0.2, 6;
    %vpi_call/w 3 17 "$display", "TEST FAILED: Case 2" {0 0 0};
    %vpi_call/w 3 17 "$finish" {0 0 0};
T_0.2 ;
    %pushi/vec4 0, 0, 1;
    %store/vec4 v0000022edf8da000_0, 0, 1;
    %pushi/vec4 1, 0, 1;
    %store/vec4 v0000022edf925db0_0, 0, 1;
    %pushi/vec4 1, 0, 1;
    %store/vec4 v0000022edf96ffe0_0, 0, 1;
    %delay 10, 0;
    %load/vec4 v0000022edf925e50_0;
    %pad/u 32;
    %cmpi/ne 1, 0, 32;
    %jmp/0xz  T_0.4, 6;
    %vpi_call/w 3 21 "$display", "TEST FAILED: Case 3" {0 0 0};
    %vpi_call/w 3 21 "$finish" {0 0 0};
T_0.4 ;
    %pushi/vec4 1, 0, 1;
    %store/vec4 v0000022edf8da000_0, 0, 1;
    %pushi/vec4 0, 0, 1;
    %store/vec4 v0000022edf925db0_0, 0, 1;
    %pushi/vec4 1, 0, 1;
    %store/vec4 v0000022edf96ffe0_0, 0, 1;
    %delay 10, 0;
    %load/vec4 v0000022edf925e50_0;
    %pad/u 32;
    %cmpi/ne 0, 0, 32;
    %jmp/0xz  T_0.6, 6;
    %vpi_call/w 3 25 "$display", "TEST FAILED: Case 4" {0 0 0};
    %vpi_call/w 3 25 "$finish" {0 0 0};
T_0.6 ;
    %vpi_call/w 3 27 "$display", "TEST PASSED" {0 0 0};
    %vpi_call/w 3 28 "$finish" {0 0 0};
    %end;
    .thread T_0;
# The file index is used to find the file name in the following table.
:file_names 5;
    "N/A";
    "<interactive>";
    "-";
    "C:\Users\naman\Desktop\Projects\RTL_AGENT\workspace\tb.v";
    "C:\Users\naman\Desktop\Projects\RTL_AGENT\workspace\design.v";
